<?xml version="1.0" encoding="UTF-8"?>
<!-- Generated by org.testng.reporters.JUnitReportReporter -->
<testsuite hostname="INBASDLP04910" name="com.cluster.test.smoke.LoginS13789" tests="1" failures="0" timestamp="9 Dec 2017 23:30:21 GMT" time="26.945" errors="0">
  <testcase name="testTC182" time="26.945" classname="com.cluster.test.smoke.LoginS13789"/>
</testsuite> <!-- com.cluster.test.smoke.LoginS13789 -->
