<?xml version="1.0" encoding="UTF-8"?>
<!-- Generated by org.testng.reporters.JUnitReportReporter -->
<testsuite hostname="INBASDLP04910" name="com.cluster.test.smoke.LoginS13579" tests="1" failures="0" timestamp="9 Dec 2017 23:30:21 GMT" time="46.229" errors="0">
  <testcase name="loginTC155" time="46.229" classname="com.cluster.test.smoke.LoginS13579"/>
</testsuite> <!-- com.cluster.test.smoke.LoginS13579 -->
